  demo.cpp
BorrowBook.obj : error LNK2005: "class std::basic_istream<char,struct std::char_traits<char> > & __cdecl operator>>(class std::basic_istream<char,struct std::char_traits<char> > &,class Outside_campus_Reader &)" (??5@YAAAV?$basic_istream@DU?$char_traits@D@std@@@std@@AAV01@AAVOutside_campus_Reader@@@Z) 已经在 demo.obj 中定义
BorrowBook.obj : error LNK2005: "class std::basic_istream<char,struct std::char_traits<char> > & __cdecl operator>>(class std::basic_istream<char,struct std::char_traits<char> > &,class Student_reader &)" (??5@YAAAV?$basic_istream@DU?$char_traits@D@std@@@std@@AAV01@AAVStudent_reader@@@Z) 已经在 demo.obj 中定义
BorrowBook.obj : error LNK2005: "class std::basic_istream<char,struct std::char_traits<char> > & __cdecl operator>>(class std::basic_istream<char,struct std::char_traits<char> > &,class Teacher_Reader &)" (??5@YAAAV?$basic_istream@DU?$char_traits@D@std@@@std@@AAV01@AAVTeacher_Reader@@@Z) 已经在 demo.obj 中定义
BorrowBook.obj : error LNK2005: "class std::basic_ostream<char,struct std::char_traits<char> > & __cdecl operator<<(class std::basic_ostream<char,struct std::char_traits<char> > &,class Outside_campus_Reader &)" (??6@YAAAV?$basic_ostream@DU?$char_traits@D@std@@@std@@AAV01@AAVOutside_campus_Reader@@@Z) 已经在 demo.obj 中定义
BorrowBook.obj : error LNK2005: "class std::basic_ostream<char,struct std::char_traits<char> > & __cdecl operator<<(class std::basic_ostream<char,struct std::char_traits<char> > &,class Student_reader &)" (??6@YAAAV?$basic_ostream@DU?$char_traits@D@std@@@std@@AAV01@AAVStudent_reader@@@Z) 已经在 demo.obj 中定义
BorrowBook.obj : error LNK2005: "class std::basic_ostream<char,struct std::char_traits<char> > & __cdecl operator<<(class std::basic_ostream<char,struct std::char_traits<char> > &,class Teacher_Reader &)" (??6@YAAAV?$basic_ostream@DU?$char_traits@D@std@@@std@@AAV01@AAVTeacher_Reader@@@Z) 已经在 demo.obj 中定义
BorrowBook.obj : error LNK2005: "public: void __thiscall Outside_campus_Reader::display(void)" (?display@Outside_campus_Reader@@QAEXXZ) 已经在 demo.obj 中定义
BorrowBook.obj : error LNK2005: "public: void __thiscall Student_reader::display(void)" (?display@Student_reader@@QAEXXZ) 已经在 demo.obj 中定义
BorrowBook.obj : error LNK2005: "public: void __thiscall Teacher_Reader::display(void)" (?display@Teacher_Reader@@QAEXXZ) 已经在 demo.obj 中定义
demo.obj : error LNK2019: 无法解析的外部符号 "public: __thiscall Outside_campus_Reader::Outside_campus_Reader(void)" (??0Outside_campus_Reader@@QAE@XZ)，该符号在函数 "public: void __thiscall Read_Write<class Outside_campus_Reader>::ToRead(class std::basic_string<char,struct std::char_traits<char>,class std::allocator<char> >)" (?ToRead@?$Read_Write@VOutside_campus_Reader@@@@QAEXV?$basic_string@DU?$char_traits@D@std@@V?$allocator@D@2@@std@@@Z) 中被引用
BorrowBook.obj : error LNK2001: 无法解析的外部符号 "public: __thiscall Outside_campus_Reader::Outside_campus_Reader(void)" (??0Outside_campus_Reader@@QAE@XZ)
demo.obj : error LNK2019: 无法解析的外部符号 "public: virtual __thiscall Outside_campus_Reader::~Outside_campus_Reader(void)" (??1Outside_campus_Reader@@UAE@XZ)，该符号在函数 "public: void __thiscall Outside_campus_Reader::`vbase destructor'(void)" (??_DOutside_campus_Reader@@QAEXXZ) 中被引用
BorrowBook.obj : error LNK2001: 无法解析的外部符号 "public: virtual __thiscall Outside_campus_Reader::~Outside_campus_Reader(void)" (??1Outside_campus_Reader@@UAE@XZ)
demo.obj : error LNK2019: 无法解析的外部符号 "public: __thiscall Student_reader::Student_reader(void)" (??0Student_reader@@QAE@XZ)，该符号在函数 "public: void __thiscall Read_Write<class Student_reader>::ToRead(class std::basic_string<char,struct std::char_traits<char>,class std::allocator<char> >)" (?ToRead@?$Read_Write@VStudent_reader@@@@QAEXV?$basic_string@DU?$char_traits@D@std@@V?$allocator@D@2@@std@@@Z) 中被引用
BorrowBook.obj : error LNK2001: 无法解析的外部符号 "public: __thiscall Student_reader::Student_reader(void)" (??0Student_reader@@QAE@XZ)
demo.obj : error LNK2019: 无法解析的外部符号 "public: virtual __thiscall Student_reader::~Student_reader(void)" (??1Student_reader@@UAE@XZ)，该符号在函数 "public: void __thiscall Student_reader::`vbase destructor'(void)" (??_DStudent_reader@@QAEXXZ) 中被引用
BorrowBook.obj : error LNK2001: 无法解析的外部符号 "public: virtual __thiscall Student_reader::~Student_reader(void)" (??1Student_reader@@UAE@XZ)
demo.obj : error LNK2019: 无法解析的外部符号 "public: __thiscall Teacher_Reader::Teacher_Reader(void)" (??0Teacher_Reader@@QAE@XZ)，该符号在函数 "public: void __thiscall Read_Write<class Teacher_Reader>::ToRead(class std::basic_string<char,struct std::char_traits<char>,class std::allocator<char> >)" (?ToRead@?$Read_Write@VTeacher_Reader@@@@QAEXV?$basic_string@DU?$char_traits@D@std@@V?$allocator@D@2@@std@@@Z) 中被引用
BorrowBook.obj : error LNK2001: 无法解析的外部符号 "public: __thiscall Teacher_Reader::Teacher_Reader(void)" (??0Teacher_Reader@@QAE@XZ)
demo.obj : error LNK2019: 无法解析的外部符号 "public: virtual __thiscall Teacher_Reader::~Teacher_Reader(void)" (??1Teacher_Reader@@UAE@XZ)，该符号在函数 "public: void __thiscall Teacher_Reader::`vbase destructor'(void)" (??_DTeacher_Reader@@QAEXXZ) 中被引用
BorrowBook.obj : error LNK2001: 无法解析的外部符号 "public: virtual __thiscall Teacher_Reader::~Teacher_Reader(void)" (??1Teacher_Reader@@UAE@XZ)
demo.obj : error LNK2019: 无法解析的外部符号 "public: __thiscall ReaderType::ReaderType(void)" (??0ReaderType@@QAE@XZ)，该符号在函数 _main 中被引用
demo.obj : error LNK2019: 无法解析的外部符号 "public: __thiscall ReaderType::~ReaderType(void)" (??1ReaderType@@QAE@XZ)，该符号在函数 _main 中被引用
F:\GitHubCode\Code\C++\图书管理系统 - 副本\Debug\图书管理系统.exe : fatal error LNK1120: 8 个无法解析的外部命令
