  demo.cpp
f:\githubcode\code\c++\图书管理系统 - 副本 - 副本\图书管理系统\print.h(3): error C2011: “print”:“class”类型重定义
          f:\githubcode\code\c++\图书管理系统 - 副本 - 副本\图书管理系统\print.h(3) : 参见“print”的声明
f:\githubcode\code\c++\图书管理系统 - 副本 - 副本\图书管理系统\reader.h(10): error C2504: “print”: 未定义基类
f:\githubcode\code\c++\图书管理系统 - 副本 - 副本\图书管理系统\outside_campus_reader.h(36): error C2027: 使用了未定义类型“print”
          f:\githubcode\code\c++\图书管理系统 - 副本 - 副本\图书管理系统\print.h(3) : 参见“print”的声明
f:\githubcode\code\c++\图书管理系统 - 副本 - 副本\图书管理系统\outside_campus_reader.h(36): fatal error C1903: 无法从以前的错误中恢复；正在停止编译
  Reader.cpp
f:\githubcode\code\c++\图书管理系统 - 副本 - 副本\图书管理系统\print.h(3): error C2011: “print”:“class”类型重定义
          f:\githubcode\code\c++\图书管理系统 - 副本 - 副本\图书管理系统\print.h(3) : 参见“print”的声明
f:\githubcode\code\c++\图书管理系统 - 副本 - 副本\图书管理系统\reader.h(10): error C2504: “print”: 未定义基类
f:\githubcode\code\c++\图书管理系统 - 副本 - 副本\图书管理系统\reader.cpp(4): error C2027: 使用了未定义类型“print”
          f:\githubcode\code\c++\图书管理系统 - 副本 - 副本\图书管理系统\print.h(3) : 参见“print”的声明
f:\githubcode\code\c++\图书管理系统 - 副本 - 副本\图书管理系统\reader.cpp(4): fatal error C1903: 无法从以前的错误中恢复；正在停止编译
  BorrowBook.cpp
f:\githubcode\code\c++\图书管理系统 - 副本 - 副本\图书管理系统\print.h(3): error C2011: “print”:“class”类型重定义
          f:\githubcode\code\c++\图书管理系统 - 副本 - 副本\图书管理系统\print.h(3) : 参见“print”的声明
f:\githubcode\code\c++\图书管理系统 - 副本 - 副本\图书管理系统\reader.h(10): error C2504: “print”: 未定义基类
f:\githubcode\code\c++\图书管理系统 - 副本 - 副本\图书管理系统\outside_campus_reader.h(36): error C2027: 使用了未定义类型“print”
          f:\githubcode\code\c++\图书管理系统 - 副本 - 副本\图书管理系统\print.h(3) : 参见“print”的声明
f:\githubcode\code\c++\图书管理系统 - 副本 - 副本\图书管理系统\outside_campus_reader.h(36): fatal error C1903: 无法从以前的错误中恢复；正在停止编译
  正在生成代码...
