f:\githubcode\code\c++\图书管理系统 -刘珂伶-张园园\图书管理系统 - 副本 (2) - 副本 - 副本\图书管理系统\debug\vc120.pdb
f:\githubcode\code\c++\图书管理系统 -刘珂伶-张园园\图书管理系统 - 副本 (2) - 副本 - 副本\图书管理系统\debug\vc120.idb
f:\githubcode\code\c++\图书管理系统 -刘珂伶-张园园\图书管理系统 - 副本 (2) - 副本 - 副本\图书管理系统\debug\book.obj
f:\githubcode\code\c++\图书管理系统 -刘珂伶-张园园\图书管理系统 - 副本 (2) - 副本 - 副本\图书管理系统\debug\demo.obj
f:\githubcode\code\c++\图书管理系统 -刘珂伶-张园园\图书管理系统 - 副本 (2) - 副本 - 副本\图书管理系统\debug\library.obj
f:\githubcode\code\c++\图书管理系统 -刘珂伶-张园园\图书管理系统 - 副本 (2) - 副本 - 副本\图书管理系统\debug\outside_campus_reader.obj
f:\githubcode\code\c++\图书管理系统 -刘珂伶-张园园\图书管理系统 - 副本 (2) - 副本 - 副本\图书管理系统\debug\reader.obj
f:\githubcode\code\c++\图书管理系统 -刘珂伶-张园园\图书管理系统 - 副本 (2) - 副本 - 副本\图书管理系统\debug\student_reader.obj
f:\githubcode\code\c++\图书管理系统 -刘珂伶-张园园\图书管理系统 - 副本 (2) - 副本 - 副本\图书管理系统\debug\teacher_reader.obj
f:\githubcode\code\c++\图书管理系统 -刘珂伶-张园园\图书管理系统 - 副本 (2) - 副本 - 副本\debug\图书管理系统.pdb
f:\githubcode\code\c++\图书管理系统 -刘珂伶-张园园\图书管理系统 - 副本 (2) - 副本 - 副本\图书管理系统\debug\图书管理系统.tlog\cl.command.1.tlog
f:\githubcode\code\c++\图书管理系统 -刘珂伶-张园园\图书管理系统 - 副本 (2) - 副本 - 副本\图书管理系统\debug\图书管理系统.tlog\cl.read.1.tlog
f:\githubcode\code\c++\图书管理系统 -刘珂伶-张园园\图书管理系统 - 副本 (2) - 副本 - 副本\图书管理系统\debug\图书管理系统.tlog\cl.write.1.tlog
f:\githubcode\code\c++\图书管理系统 -刘珂伶-张园园\图书管理系统 - 副本 (2) - 副本 - 副本\图书管理系统\debug\图书管理系统.tlog\link-cvtres.read.1.tlog
f:\githubcode\code\c++\图书管理系统 -刘珂伶-张园园\图书管理系统 - 副本 (2) - 副本 - 副本\图书管理系统\debug\图书管理系统.tlog\link-cvtres.write.1.tlog
f:\githubcode\code\c++\图书管理系统 -刘珂伶-张园园\图书管理系统 - 副本 (2) - 副本 - 副本\图书管理系统\debug\图书管理系统.tlog\link-rc.read.1.tlog
f:\githubcode\code\c++\图书管理系统 -刘珂伶-张园园\图书管理系统 - 副本 (2) - 副本 - 副本\图书管理系统\debug\图书管理系统.tlog\link-rc.write.1.tlog
f:\githubcode\code\c++\图书管理系统 -刘珂伶-张园园\图书管理系统 - 副本 (2) - 副本 - 副本\图书管理系统\debug\图书管理系统.tlog\link.command.1.tlog
f:\githubcode\code\c++\图书管理系统 -刘珂伶-张园园\图书管理系统 - 副本 (2) - 副本 - 副本\图书管理系统\debug\图书管理系统.tlog\link.read.1.tlog
f:\githubcode\code\c++\图书管理系统 -刘珂伶-张园园\图书管理系统 - 副本 (2) - 副本 - 副本\图书管理系统\debug\图书管理系统.tlog\link.write.1.tlog
