f:\学习\ｃ＋＋期末课程设计\期末设计\图书管理系统\图书管理系统\debug\vc120.pdb
f:\学习\ｃ＋＋期末课程设计\期末设计\图书管理系统\图书管理系统\debug\vc120.idb
f:\学习\ｃ＋＋期末课程设计\期末设计\图书管理系统\图书管理系统\debug\addbook.obj
f:\学习\ｃ＋＋期末课程设计\期末设计\图书管理系统\图书管理系统\debug\book.obj
f:\学习\ｃ＋＋期末课程设计\期末设计\图书管理系统\图书管理系统\debug\bookinventory.obj
f:\学习\ｃ＋＋期末课程设计\期末设计\图书管理系统\图书管理系统\debug\demo.obj
f:\学习\ｃ＋＋期末课程设计\期末设计\图书管理系统\图书管理系统\debug\managelogin.obj
f:\学习\ｃ＋＋期末课程设计\期末设计\图书管理系统\图书管理系统\debug\updatebook.obj
f:\学习\ｃ＋＋期末课程设计\期末设计\图书管理系统\图书管理系统\debug\usertype.obj
f:\学习\ｃ＋＋期末课程设计\期末设计\图书管理系统\图书管理系统\debug\borrowbook.obj
f:\学习\ｃ＋＋期末课程设计\期末设计\图书管理系统\图书管理系统\debug\reader.obj
f:\githubcode\code\c++\图书管理系统\图书管理系统\debug\vc120.pdb
f:\githubcode\code\c++\图书管理系统\图书管理系统\debug\vc120.idb
f:\githubcode\code\c++\图书管理系统\图书管理系统\debug\addbook.obj
f:\githubcode\code\c++\图书管理系统\图书管理系统\debug\book.obj
f:\githubcode\code\c++\图书管理系统\图书管理系统\debug\bookinventory.obj
f:\githubcode\code\c++\图书管理系统\图书管理系统\debug\managelogin.obj
f:\githubcode\code\c++\图书管理系统\图书管理系统\debug\updatebook.obj
f:\githubcode\code\c++\图书管理系统\图书管理系统\debug\usertype.obj
f:\学习\ｃ＋＋期末课程设计\期末设计\图书管理系统\debug\图书管理系统.ilk
f:\学习\ｃ＋＋期末课程设计\期末设计\图书管理系统\debug\图书管理系统.exe
f:\学习\ｃ＋＋期末课程设计\期末设计\图书管理系统\debug\图书管理系统.pdb
f:\githubcode\code\c++\图书管理系统\debug\图书管理系统.pdb
f:\githubcode\code\c++\图书管理系统\debug\图书管理系统.exe
f:\githubcode\code\c++\图书管理系统\debug\图书管理系统.ilk
f:\githubcode\code\c++\图书管理系统\图书管理系统\debug\图书管理系统.tlog\cl.command.1.tlog
f:\githubcode\code\c++\图书管理系统\图书管理系统\debug\图书管理系统.tlog\cl.read.1.tlog
f:\githubcode\code\c++\图书管理系统\图书管理系统\debug\图书管理系统.tlog\cl.write.1.tlog
f:\githubcode\code\c++\图书管理系统\图书管理系统\debug\图书管理系统.tlog\link.command.1.tlog
f:\githubcode\code\c++\图书管理系统\图书管理系统\debug\图书管理系统.tlog\link.read.1.tlog
f:\githubcode\code\c++\图书管理系统\图书管理系统\debug\图书管理系统.tlog\link.write.1.tlog
