生成启动时间为 2017/11/4 10:11:06。
     1>项目“F:\学习\C++视频课程练习\接口类\接口类\接口类.vcxproj”在节点 2 上(Build 个目标)。
     1>ClCompile:
         C:\Program Files (x86)\Microsoft Visual Studio 12.0\VC\bin\CL.exe /c /ZI /nologo /W3 /WX- /Od /Oy- /D WIN32 /D _DEBUG /D _CONSOLE /D _LIB /D _UNICODE /D UNICODE /Gm /EHsc /RTC1 /MDd /GS /fp:precise /Zc:wchar_t /Zc:forScope /Fo"Debug\\" /Fd"Debug\vc120.pdb" /Gd /TP /analyze- /errorReport:prompt FightPlane.cpp Plane.cpp demo.cpp
         demo.cpp
     1>f:\学习\c++视频课程练习\接口类\接口类\plane.h(10): error C2061: 语法错误: 标识符“string”
     1>f:\学习\c++视频课程练习\接口类\接口类\plane.h(15): error C2146: 语法错误: 缺少“;”(在标识符“m_strCode”的前面)
     1>f:\学习\c++视频课程练习\接口类\接口类\plane.h(15): error C4430: 缺少类型说明符 - 假定为 int。注意:  C++ 不支持默认 int
     1>f:\学习\c++视频课程练习\接口类\接口类\fightplane.h(10): error C2061: 语法错误: 标识符“string”
     1>f:\学习\c++视频课程练习\接口类\接口类\fightplane.h(10): error C2065: “code”: 未声明的标识符
     1>f:\学习\c++视频课程练习\接口类\接口类\demo.cpp(17): error C2664: “Plane::Plane(const Plane &)”: 无法将参数 1 从“const char [4]”转换为“const Plane &”
                 原因如下:  无法从“const char [4]”转换为“const Plane”
                 无构造函数可以接受源类型，或构造函数重载决策不明确
     1>f:\学习\c++视频课程练习\接口类\接口类\demo.cpp(18): error C2664: “Plane::Plane(const Plane &)”: 无法将参数 1 从“const char [4]”转换为“const Plane &”
                 原因如下:  无法从“const char [4]”转换为“const Plane”
                 无构造函数可以接受源类型，或构造函数重载决策不明确
         Plane.cpp
     1>f:\学习\c++视频课程练习\接口类\接口类\plane.h(10): error C2061: 语法错误: 标识符“string”
     1>f:\学习\c++视频课程练习\接口类\接口类\plane.h(15): error C2146: 语法错误: 缺少“;”(在标识符“m_strCode”的前面)
     1>f:\学习\c++视频课程练习\接口类\接口类\plane.h(15): error C4430: 缺少类型说明符 - 假定为 int。注意:  C++ 不支持默认 int
     1>f:\学习\c++视频课程练习\接口类\接口类\plane.cpp(7): error C2511: “Plane::Plane(std::string)”:“Plane”中没有找到重载的成员函数
                 f:\学习\c++视频课程练习\接口类\接口类\plane.h(7) : 参见“Plane”的声明
     1>f:\学习\c++视频课程练习\接口类\接口类\plane.cpp(8): error C2065: “m_strCode”: 未声明的标识符
     1>f:\学习\c++视频课程练习\接口类\接口类\plane.cpp(23): error C2065: “m_strCode”: 未声明的标识符
         FightPlane.cpp
     1>f:\学习\c++视频课程练习\接口类\接口类\plane.h(10): error C2061: 语法错误: 标识符“string”
     1>f:\学习\c++视频课程练习\接口类\接口类\plane.h(15): error C2146: 语法错误: 缺少“;”(在标识符“m_strCode”的前面)
     1>f:\学习\c++视频课程练习\接口类\接口类\plane.h(15): error C4430: 缺少类型说明符 - 假定为 int。注意:  C++ 不支持默认 int
     1>f:\学习\c++视频课程练习\接口类\接口类\fightplane.h(10): error C2061: 语法错误: 标识符“string”
     1>f:\学习\c++视频课程练习\接口类\接口类\fightplane.h(10): error C2065: “code”: 未声明的标识符
         正在生成代码...
     1>已完成生成项目“F:\学习\C++视频课程练习\接口类\接口类\接口类.vcxproj”(Build 个目标)的操作 - 失败。

生成失败。

已用时间 00:00:00.98
